#
# A fatal error has been detected by the Java Runtime Environment:
#
#  EXCEPTION_ACCESS_VIOLATION (0xc0000005) at pc=0x0000000007055207, pid=6868, tid=0x00000000000013f8
#
# JRE version: OpenJDK Runtime Environment (8.0_152-b02) (build 1.8.0_152-release-1024-b02)
# Java VM: OpenJDK 64-Bit Server VM (25.152-b02 mixed mode windows-amd64 compressed oops)
# Problematic frame:
# J 21887 C1 com.android.apkzlib.zip.FileUseMapEntry$$Lambda$450.compare(Ljava/lang/Object;Ljava/lang/Object;)I (12 bytes) @ 0x0000000007055207 [0x0000000007054ee0+0x327]
#
# Failed to write core dump. Minidumps are not enabled by default on client versions of Windows
#
# If you would like to submit a bug report, please visit:
#   http://bugreport.java.com/bugreport/crash.jsp
#

---------------  T H R E A D  ---------------

Current thread (0x00000000223cc000):  JavaThread "ForkJoinPool.commonPool-worker-13" daemon [_thread_in_Java, id=5112, stack(0x000000003c4f0000,0x000000003c5f0000)]

siginfo: ExceptionCode=0xc0000005, reading address 0xffffffffffffffff

Registers:
RAX=0x000000002a904378, RBX=0x000000000000a411, RCX=0x00000000e90f5c10, RDX=0x000000002a905470
RSP=0x000000003c5eec20, RBP=0x00000000e97b7928, RSI=0x00000000e97b77f0, RDI=0x0000000000000000
R8 =0x00000000e97b77f0, R9 =0x00000000e97b77f0, R10=0x0000000100b59028, R11=0x0000000000000228
R12=0x0000000000000000, R13=0x000000003c5eed80, R14=0x0000000000000000, R15=0x00000000223cc000
RIP=0x0000000007055207, EFLAGS=0x0000000000010246

Top of Stack: (sp=0x000000003c5eec20)
0x000000003c5eec20:   00000000000039be 00000000038045f9
0x000000003c5eec30:   0000000016e00640 000000003c5eec90
0x000000003c5eec40:   0000000000000108 00000010223cc000
0x000000003c5eec50:   00000000e97b80e0 0000000000009e45
0x000000003c5eec60:   00000000e97b80e0 00000000a000a9e0
0x000000003c5eec70:   0000000000000000 0000000000000000
0x000000003c5eec80:   000000003c5eed18 000000000353809d
0x000000003c5eec90:   00000000e97b7928 0000000004b6f084
0x000000003c5eeca0:   00000000e97b77f0 0000000ae8dbbc08
0x000000003c5eecb0:   00000000e8dbbc08 00000000e90f5be0
0x000000003c5eecc0:   00000000e97b8050 00000000e97b80e0
0x000000003c5eecd0:   000000003c5eedd0 00000000072efa44
0x000000003c5eece0:   00000000243c3b9f 000000003c5eed40
0x000000003c5eecf0:   000000003c5eed90 0000000003959958
0x000000003c5eed00:   00000000e90f5c20 00000000a0a5c310
0x000000003c5eed10:   000000003c5eed28 000000003c5eed90 

Instructions: (pc=0x0000000007055207)
0x00000000070551e7:   00 00 48 8b 46 18 48 8b 5e 10 48 2b c3 48 2b f8
0x00000000070551f7:   48 b8 70 54 90 2a 00 00 00 00 48 83 80 68 01 00
0x0000000007055207:   00 01 48 b8 98 c3 b6 28 00 00 00 00 8b b0 dc 00
0x0000000007055217:   00 00 83 c6 08 89 b0 dc 00 00 00 48 b8 20 ac 0b 


Register to memory mapping:

RAX=0x000000002a904378 is pointing into metadata
RBX=0x000000000000a411 is an unknown value
RCX=0x00000000e90f5c10 is an oop
java.util.TreeSet 
 - klass: 'java/util/TreeSet'
RDX=0x000000002a905470 is pointing into metadata
RSP=0x000000003c5eec20 is pointing into the stack for thread: 0x00000000223cc000
RBP=0x00000000e97b7928 is an oop
java.util.TreeMap$Entry 
 - klass: 'java/util/TreeMap$Entry'
RSI=0x00000000e97b77f0 is an oop
com.android.apkzlib.zip.FileUseMapEntry 
 - klass: 'com/android/apkzlib/zip/FileUseMapEntry'
RDI=0x0000000000000000 is an unknown value
R8 =0x00000000e97b77f0 is an oop
com.android.apkzlib.zip.FileUseMapEntry 
 - klass: 'com/android/apkzlib/zip/FileUseMapEntry'
R9 =0x00000000e97b77f0 is an oop
com.android.apkzlib.zip.FileUseMapEntry 
 - klass: 'com/android/apkzlib/zip/FileUseMapEntry'
R10=0x0000000100b59028 is pointing into metadata
R11=0x0000000000000228 is an unknown value
R12=0x0000000000000000 is an unknown value
R13=0x000000003c5eed80 is pointing into the stack for thread: 0x00000000223cc000
R14=0x0000000000000000 is an unknown value
R15=0x00000000223cc000 is a thread


Stack: [0x000000003c4f0000,0x000000003c5f0000],  sp=0x000000003c5eec20,  free space=1019k
Native frames: (J=compiled Java code, j=interpreted, Vv=VM code, C=native code)
C  0x0000000007055207


---------------  P R O C E S S  ---------------

Java Threads: ( => current thread )
  0x0000000021f01800 JavaThread "ForkJoinPool.commonPool-worker-9" daemon [_thread_blocked, id=10920, stack(0x000000003d0f0000,0x000000003d1f0000)]
  0x0000000020431000 JavaThread "ForkJoinPool.commonPool-worker-0" daemon [_thread_blocked, id=13368, stack(0x000000003cff0000,0x000000003d0f0000)]
  0x0000000020425000 JavaThread "ForkJoinPool.commonPool-worker-7" daemon [_thread_blocked, id=11272, stack(0x000000003cef0000,0x000000003cff0000)]
  0x00000000223d9800 JavaThread "ForkJoinPool.commonPool-worker-14" daemon [_thread_blocked, id=18476, stack(0x000000003cdf0000,0x000000003cef0000)]
  0x00000000223d9000 JavaThread "ForkJoinPool.commonPool-worker-5" daemon [_thread_blocked, id=1144, stack(0x000000003ccf0000,0x000000003cdf0000)]
  0x00000000223d7800 JavaThread "ForkJoinPool.commonPool-worker-12" daemon [_thread_blocked, id=12216, stack(0x000000003cbf0000,0x000000003ccf0000)]
  0x00000000223d8000 JavaThread "ForkJoinPool.commonPool-worker-3" daemon [_thread_blocked, id=17668, stack(0x000000003caf0000,0x000000003cbf0000)]
  0x00000000223d6800 JavaThread "ForkJoinPool.commonPool-worker-10" daemon [_thread_blocked, id=6588, stack(0x000000003c9f0000,0x000000003caf0000)]
  0x00000000223db000 JavaThread "ForkJoinPool.commonPool-worker-1" daemon [_thread_blocked, id=17276, stack(0x000000003c8f0000,0x000000003c9f0000)]
  0x00000000223d6000 JavaThread "ForkJoinPool.commonPool-worker-8" daemon [_thread_blocked, id=19260, stack(0x000000003c7f0000,0x000000003c8f0000)]
  0x00000000223ce800 JavaThread "ForkJoinPool.commonPool-worker-15" daemon [_thread_in_vm, id=19368, stack(0x000000003c6f0000,0x000000003c7f0000)]
  0x00000000223d5000 JavaThread "ForkJoinPool.commonPool-worker-6" daemon [_thread_blocked, id=18772, stack(0x000000003c5f0000,0x000000003c6f0000)]
=>0x00000000223cc000 JavaThread "ForkJoinPool.commonPool-worker-13" daemon [_thread_in_Java, id=5112, stack(0x000000003c4f0000,0x000000003c5f0000)]
  0x000000001ffbd000 JavaThread "ForkJoinPool.commonPool-worker-4" daemon [_thread_blocked, id=8688, stack(0x000000003c3f0000,0x000000003c4f0000)]
  0x000000001ffbb000 JavaThread "ForkJoinPool.commonPool-worker-11" daemon [_thread_in_Java, id=13940, stack(0x000000003c2f0000,0x000000003c3f0000)]
  0x000000001ffbc800 JavaThread "Worker Daemon Execution Thread 7" [_thread_blocked, id=3848, stack(0x000000003c0f0000,0x000000003c1f0000)]
  0x000000001ffbb800 JavaThread "Worker Daemon Execution Thread 6" [_thread_blocked, id=856, stack(0x000000003bff0000,0x000000003c0f0000)]
  0x000000001ffb9800 JavaThread "Worker Daemon Execution Thread 5" [_thread_blocked, id=19032, stack(0x000000003bef0000,0x000000003bff0000)]
  0x000000001ffb1800 JavaThread "Worker Daemon Execution Thread 4" [_thread_blocked, id=7184, stack(0x000000003bdf0000,0x000000003bef0000)]
  0x000000001ffb8800 JavaThread "Worker Daemon Execution Thread 3" [_thread_blocked, id=928, stack(0x000000003bcf0000,0x000000003bdf0000)]
  0x000000001ffb7000 JavaThread "Worker Daemon Execution Thread 2" [_thread_blocked, id=18000, stack(0x000000003bbf0000,0x000000003bcf0000)]
  0x000000001ffb7800 JavaThread "Worker Daemon Execution" [_thread_blocked, id=2780, stack(0x000000003baf0000,0x000000003bbf0000)]
  0x0000000020427800 JavaThread "Cache worker for Java compile cache (D:\job\4\Tiaozhan\.gradle\4.4\javaCompile)" [_thread_blocked, id=16252, stack(0x000000003b9f0000,0x000000003baf0000)]
  0x00000000223d0000 JavaThread "Task worker for ':' Thread 15" [_thread_blocked, id=10380, stack(0x00000000385f0000,0x00000000386f0000)]
  0x00000000223d2000 JavaThread "Task worker for ':' Thread 14" [_thread_blocked, id=3416, stack(0x00000000384f0000,0x00000000385f0000)]
  0x00000000223d0800 JavaThread "Task worker for ':' Thread 13" [_thread_blocked, id=7900, stack(0x00000000383f0000,0x00000000384f0000)]
  0x00000000223cd800 JavaThread "Task worker for ':' Thread 12" [_thread_blocked, id=18888, stack(0x00000000382f0000,0x00000000383f0000)]
  0x00000000223d1800 JavaThread "Task worker for ':' Thread 11" [_thread_blocked, id=19196, stack(0x00000000381f0000,0x00000000382f0000)]
  0x00000000223cf000 JavaThread "Task worker for ':' Thread 10" [_thread_blocked, id=3900, stack(0x00000000380f0000,0x00000000381f0000)]
  0x0000000022dae000 JavaThread "Task worker for ':' Thread 9" [_thread_blocked, id=8204, stack(0x0000000037ff0000,0x00000000380f0000)]
  0x0000000022dad000 JavaThread "Task worker for ':' Thread 8" [_thread_blocked, id=12436, stack(0x0000000037ef0000,0x0000000037ff0000)]
  0x0000000022dac800 JavaThread "Task worker for ':' Thread 7" [_thread_blocked, id=13052, stack(0x0000000037df0000,0x0000000037ef0000)]
  0x0000000022da5000 JavaThread "Task worker for ':' Thread 6" [_thread_blocked, id=16008, stack(0x0000000037cf0000,0x0000000037df0000)]
  0x0000000022dab800 JavaThread "Task worker for ':' Thread 5" [_thread_blocked, id=15820, stack(0x0000000037bf0000,0x0000000037cf0000)]
  0x0000000022da9800 JavaThread "Task worker for ':' Thread 4" [_thread_blocked, id=8424, stack(0x0000000037af0000,0x0000000037bf0000)]
  0x0000000022dab000 JavaThread "Task worker for ':' Thread 3" [_thread_blocked, id=14312, stack(0x00000000379f0000,0x0000000037af0000)]
  0x0000000022daa000 JavaThread "Task worker for ':' Thread 2" [_thread_blocked, id=3344, stack(0x00000000378f0000,0x00000000379f0000)]
  0x0000000022da8000 JavaThread "Task worker for ':'" [_thread_blocked, id=5084, stack(0x00000000377f0000,0x00000000378f0000)]
  0x0000000022da7000 JavaThread "Cache worker for Build Output Cleanup Cache (D:\job\4\Tiaozhan\.gradle\buildOutputCleanup)" [_thread_blocked, id=18528, stack(0x00000000376f0000,0x00000000377f0000)]
  0x0000000022da8800 JavaThread "Cache worker for task history cache (D:\job\4\Tiaozhan\.gradle\4.4\taskHistory)" [_thread_blocked, id=10940, stack(0x00000000375f0000,0x00000000376f0000)]
  0x0000000022d9f800 JavaThread "Cache worker for file content cache (D:\job\4\Tiaozhan\.gradle\4.4\fileContent)" [_thread_blocked, id=18844, stack(0x00000000374f0000,0x00000000375f0000)]
  0x0000000022da5800 JavaThread "build operations Thread 16" [_thread_blocked, id=18896, stack(0x00000000373f0000,0x00000000374f0000)]
  0x0000000022da3800 JavaThread "build operations Thread 15" [_thread_blocked, id=14900, stack(0x00000000372f0000,0x00000000373f0000)]
  0x0000000022da2000 JavaThread "build operations Thread 14" [_thread_blocked, id=15572, stack(0x00000000371f0000,0x00000000372f0000)]
  0x0000000022da4000 JavaThread "build operations Thread 13" [_thread_blocked, id=13564, stack(0x00000000370f0000,0x00000000371f0000)]
  0x0000000022da2800 JavaThread "build operations Thread 12" [_thread_blocked, id=14384, stack(0x0000000036ff0000,0x00000000370f0000)]
  0x0000000021f05000 JavaThread "build operations Thread 11" [_thread_blocked, id=6020, stack(0x0000000036ef0000,0x0000000036ff0000)]
  0x0000000021f04800 JavaThread "build operations Thread 10" [_thread_blocked, id=18688, stack(0x0000000036df0000,0x0000000036ef0000)]
  0x0000000021f03800 JavaThread "build operations Thread 9" [_thread_blocked, id=18776, stack(0x0000000036cf0000,0x0000000036df0000)]
  0x0000000021f07800 JavaThread "build operations Thread 8" [_thread_blocked, id=14672, stack(0x0000000036bf0000,0x0000000036cf0000)]
  0x0000000021f06000 JavaThread "build operations Thread 7" [_thread_blocked, id=11472, stack(0x0000000036af0000,0x0000000036bf0000)]
  0x0000000021f06800 JavaThread "build operations Thread 6" [_thread_blocked, id=2532, stack(0x00000000369f0000,0x0000000036af0000)]
  0x0000000021f03000 JavaThread "build operations Thread 5" [_thread_blocked, id=15036, stack(0x00000000368f0000,0x00000000369f0000)]
  0x0000000021efc000 JavaThread "build operations Thread 4" [_thread_blocked, id=18804, stack(0x00000000367f0000,0x00000000368f0000)]
  0x0000000021f02000 JavaThread "build operations Thread 3" [_thread_blocked, id=7256, stack(0x00000000366f0000,0x00000000367f0000)]
  0x0000000021f00800 JavaThread "build operations Thread 2" [_thread_blocked, id=7232, stack(0x00000000365f0000,0x00000000366f0000)]
  0x0000000021efb800 JavaThread "build operations" [_thread_blocked, id=2336, stack(0x00000000364f0000,0x00000000365f0000)]
  0x0000000021efd800 JavaThread "Cache worker for Artifact transforms cache (C:\Users\android\.gradle\caches\transforms-1)" [_thread_blocked, id=1708, stack(0x00000000363f0000,0x00000000364f0000)]
  0x0000000021ef9000 JavaThread "Cache worker for file hash cache (D:\job\4\Tiaozhan\.gradle\4.4\fileHashes)" [_thread_blocked, id=16712, stack(0x00000000362f0000,0x00000000363f0000)]
  0x0000000021efd000 JavaThread "Stdin handler" [_thread_blocked, id=14348, stack(0x00000000361f0000,0x00000000362f0000)]
  0x0000000021efa800 JavaThread "Asynchronous log dispatcher for DefaultDaemonConnection: socket connection from /127.0.0.1:53000 to /127.0.0.1:53603" [_thread_blocked, id=18592, stack(0x00000000360f0000,0x00000000361f0000)]
  0x0000000021f00000 JavaThread "Daemon worker Thread 2" [_thread_blocked, id=12236, stack(0x0000000035ff0000,0x00000000360f0000)]
  0x0000000021eff000 JavaThread "Cancel handler" [_thread_blocked, id=7492, stack(0x0000000035ef0000,0x0000000035ff0000)]
  0x0000000021ef8800 JavaThread "Handler for socket connection from /127.0.0.1:53000 to /127.0.0.1:53603" [_thread_in_native, id=4000, stack(0x0000000035df0000,0x0000000035ef0000)]
  0x0000000021efa000 JavaThread "Daemon Thread 2" [_thread_blocked, id=18520, stack(0x0000000035cf0000,0x0000000035df0000)]
  0x00000000223d3800 JavaThread "Java2D Disposer" daemon [_thread_blocked, id=3128, stack(0x000000002c7f0000,0x000000002c8f0000)]
  0x0000000020426000 JavaThread "Memory manager" [_thread_blocked, id=2952, stack(0x0000000024f20000,0x0000000025020000)]
  0x000000001ce4d000 JavaThread "File lock request listener" [_thread_in_native, id=14244, stack(0x000000001e4c0000,0x000000001e5c0000)]
  0x000000001d265800 JavaThread "Cache worker for file hash cache (C:\Users\android\.gradle\caches\4.4\fileHashes)" [_thread_blocked, id=16860, stack(0x000000001e3c0000,0x000000001e4c0000)]
  0x000000001d15c800 JavaThread "Daemon periodic checks" [_thread_blocked, id=6804, stack(0x000000001d8c0000,0x000000001d9c0000)]
  0x000000001d14e800 JavaThread "Incoming local TCP Connector on port 53000" [_thread_in_native, id=12172, stack(0x000000001d710000,0x000000001d810000)]
  0x00000000193ca000 JavaThread "Service Thread" daemon [_thread_blocked, id=2356, stack(0x000000001bad0000,0x000000001bbd0000)]
  0x00000000192e8800 JavaThread "C1 CompilerThread11" daemon [_thread_blocked, id=18860, stack(0x000000001b9d0000,0x000000001bad0000)]
  0x00000000192e9800 JavaThread "C1 CompilerThread10" daemon [_thread_blocked, id=12416, stack(0x000000001b8d0000,0x000000001b9d0000)]
  0x00000000192e8000 JavaThread "C1 CompilerThread9" daemon [_thread_blocked, id=19444, stack(0x000000001b7d0000,0x000000001b8d0000)]
  0x00000000192e5800 JavaThread "C1 CompilerThread8" daemon [_thread_blocked, id=4596, stack(0x000000001b5d0000,0x000000001b6d0000)]
  0x00000000192eb000 JavaThread "C2 CompilerThread7" daemon [_thread_blocked, id=19140, stack(0x000000001b4d0000,0x000000001b5d0000)]
  0x00000000192eb800 JavaThread "C2 CompilerThread6" daemon [_thread_blocked, id=11168, stack(0x000000001b3d0000,0x000000001b4d0000)]
  0x00000000192ec800 JavaThread "C2 CompilerThread5" daemon [_thread_blocked, id=14024, stack(0x000000001b2d0000,0x000000001b3d0000)]
  0x00000000192e6800 JavaThread "C2 CompilerThread4" daemon [_thread_blocked, id=11752, stack(0x000000001b1d0000,0x000000001b2d0000)]
  0x00000000192e7000 JavaThread "C2 CompilerThread3" daemon [_thread_in_native, id=3168, stack(0x000000001b0d0000,0x000000001b1d0000)]
  0x00000000192df000 JavaThread "C2 CompilerThread2" daemon [_thread_blocked, id=13548, stack(0x000000001afd0000,0x000000001b0d0000)]
  0x00000000192de800 JavaThread "C2 CompilerThread1" daemon [_thread_in_native, id=10908, stack(0x000000001aed0000,0x000000001afd0000)]
  0x00000000192dd000 JavaThread "C2 CompilerThread0" daemon [_thread_blocked, id=18696, stack(0x000000001add0000,0x000000001aed0000)]
  0x0000000019286000 JavaThread "Attach Listener" daemon [_thread_blocked, id=19100, stack(0x000000001acd0000,0x000000001add0000)]
  0x0000000019283800 JavaThread "Signal Dispatcher" daemon [_thread_blocked, id=17148, stack(0x000000001abd0000,0x000000001acd0000)]
  0x0000000019266800 JavaThread "Finalizer" daemon [_thread_blocked, id=3340, stack(0x000000001aad0000,0x000000001abd0000)]
  0x00000000177eb800 JavaThread "Reference Handler" daemon [_thread_blocked, id=16012, stack(0x000000001a9d0000,0x000000001aad0000)]
  0x0000000002fbd800 JavaThread "main" [_thread_blocked, id=14428, stack(0x0000000003330000,0x0000000003430000)]

Other Threads:
  0x0000000019241800 VMThread [stack: 0x000000001a8d0000,0x000000001a9d0000] [id=7876]
  0x00000000193ac800 WatcherThread [stack: 0x000000001bbd0000,0x000000001bcd0000] [id=7288]

VM state:not at safepoint (normal execution)

VM Mutex/Monitor currently owned by a thread: None

Heap:
 PSYoungGen      total 229888K, used 221507K [0x00000000e0000000, 0x00000000f8c00000, 0x0000000100000000)
  eden space 164864K, 95% used [0x00000000e0000000,0x00000000e9924a78,0x00000000ea100000)
  from space 65024K, 99% used [0x00000000ea400000,0x00000000ee32c3c8,0x00000000ee380000)
  to   space 120320K, 0% used [0x00000000f1680000,0x00000000f1680000,0x00000000f8c00000)
 ParOldGen       total 271872K, used 163983K [0x00000000a0000000, 0x00000000b0980000, 0x00000000e0000000)
  object space 271872K, 60% used [0x00000000a0000000,0x00000000aa023f48,0x00000000b0980000)
 Metaspace       used 85708K, capacity 90120K, committed 90328K, reserved 1128448K
  class space    used 10692K, capacity 11731K, committed 11776K, reserved 1048576K

Card table byte_map: [0x00000000128f0000,0x0000000012c00000] byte_map_base: 0x00000000123f0000

Marking Bits: (ParMarkBitMap*) 0x000000005b664970
 Begin Bits: [0x0000000013b00000, 0x0000000015300000)
 End Bits:   [0x0000000015300000, 0x0000000016b00000)

Polling page: 0x00000000010d0000

CodeCache: size=245760Kb used=67297Kb max_used=68545Kb free=178462Kb
 bounds [0x0000000003530000, 0x00000000078c0000, 0x0000000012530000]
 total_blobs=18029 nmethods=17057 adapters=882
 compilation: enabled

Compilation events (10 events):
Event: 1811.307 Thread 0x00000000192e8000 nmethod 21902 0x0000000007254510 code [0x00000000072546a0, 0x0000000007254ab8]
Event: 1811.307 Thread 0x00000000192e8000 21962       1       com.android.apkzlib.zip.FileUseMapEntry::getStart (5 bytes)
Event: 1811.307 Thread 0x00000000192eb800 nmethod 21950 0x00000000073bd2d0 code [0x00000000073bd420, 0x00000000073bd558]
Event: 1811.307 Thread 0x00000000192e5800 nmethod 21954 0x0000000006eeef50 code [0x0000000006eef120, 0x0000000006eef938]
Event: 1811.307 Thread 0x00000000192e5800 21889       3       com.android.apkzlib.zip.FileUseMap::internalAdd (26 bytes)
Event: 1811.307 Thread 0x00000000192e8000 nmethod 21962 0x00000000073bd010 code [0x00000000073bd160, 0x00000000073bd270]
Event: 1811.307 Thread 0x00000000192eb000 nmethod 21909 0x0000000006eee9d0 code [0x0000000006eeeb40, 0x0000000006eeed68]
Event: 1811.307 Thread 0x00000000192e9800 nmethod 21948 0x00000000074b4910 code [0x00000000074b4a80, 0x00000000074b4d08]
Event: 1811.307 Thread 0x00000000192e8000 21951       3       com.android.apkzlib.zip.FileUseMapEntry::makeFree (11 bytes)
Event: 1811.307 Thread 0x00000000192e9800 21955       3       java.util.TreeMap::keyOrNull (13 bytes)

GC Heap History (10 events):
Event: 1791.136 GC heap before
{Heap before GC invocations=22 (full 3):
 PSYoungGen      total 278528K, used 255647K [0x00000000e0000000, 0x00000000f5f00000, 0x0000000100000000)
  eden space 206848K, 100% used [0x00000000e0000000,0x00000000eca00000,0x00000000eca00000)
  from space 71680K, 68% used [0x00000000f1300000,0x00000000f42a7ef8,0x00000000f5900000)
  to   space 74752K, 0% used [0x00000000eca00000,0x00000000eca00000,0x00000000f1300000)
 ParOldGen       total 271872K, used 115322K [0x00000000a0000000, 0x00000000b0980000, 0x00000000e0000000)
  object space 271872K, 42% used [0x00000000a0000000,0x00000000a709eb58,0x00000000b0980000)
 Metaspace       used 77050K, capacity 80874K, committed 81112K, reserved 1120256K
  class space    used 9774K, capacity 10662K, committed 10752K, reserved 1048576K
Event: 1791.159 GC heap after
Heap after GC invocations=22 (full 3):
 PSYoungGen      total 276992K, used 56220K [0x00000000e0000000, 0x00000000f6080000, 0x0000000100000000)
  eden space 202240K, 0% used [0x00000000e0000000,0x00000000e0000000,0x00000000ec580000)
  from space 74752K, 75% used [0x00000000eca00000,0x00000000f00e72a0,0x00000000f1300000)
  to   space 79360K, 0% used [0x00000000f1300000,0x00000000f1300000,0x00000000f6080000)
 ParOldGen       total 271872K, used 115330K [0x00000000a0000000, 0x00000000b0980000, 0x00000000e0000000)
  object space 271872K, 42% used [0x00000000a0000000,0x00000000a70a0b58,0x00000000b0980000)
 Metaspace       used 77050K, capacity 80874K, committed 81112K, reserved 1120256K
  class space    used 9774K, capacity 10662K, committed 10752K, reserved 1048576K
}
Event: 1795.914 GC heap before
{Heap before GC invocations=23 (full 3):
 PSYoungGen      total 276992K, used 258460K [0x00000000e0000000, 0x00000000f6080000, 0x0000000100000000)
  eden space 202240K, 100% used [0x00000000e0000000,0x00000000ec580000,0x00000000ec580000)
  from space 74752K, 75% used [0x00000000eca00000,0x00000000f00e72a0,0x00000000f1300000)
  to   space 79360K, 0% used [0x00000000f1300000,0x00000000f1300000,0x00000000f6080000)
 ParOldGen       total 271872K, used 115330K [0x00000000a0000000, 0x00000000b0980000, 0x00000000e0000000)
  object space 271872K, 42% used [0x00000000a0000000,0x00000000a70a0b58,0x00000000b0980000)
 Metaspace       used 77328K, capacity 81252K, committed 81368K, reserved 1120256K
  class space    used 9802K, capacity 10703K, committed 10752K, reserved 1048576K
Event: 1795.934 GC heap after
Heap after GC invocations=23 (full 3):
 PSYoungGen      total 276992K, used 55914K [0x00000000e0000000, 0x00000000f6300000, 0x0000000100000000)
  eden space 197632K, 0% used [0x00000000e0000000,0x00000000e0000000,0x00000000ec100000)
  from space 79360K, 70% used [0x00000000f1300000,0x00000000f499aac8,0x00000000f6080000)
  to   space 82944K, 0% used [0x00000000ec100000,0x00000000ec100000,0x00000000f1200000)
 ParOldGen       total 271872K, used 115338K [0x00000000a0000000, 0x00000000b0980000, 0x00000000e0000000)
  object space 271872K, 42% used [0x00000000a0000000,0x00000000a70a2b58,0x00000000b0980000)
 Metaspace       used 77328K, capacity 81252K, committed 81368K, reserved 1120256K
  class space    used 9802K, capacity 10703K, committed 10752K, reserved 1048576K
}
Event: 1801.442 GC heap before
{Heap before GC invocations=24 (full 3):
 PSYoungGen      total 276992K, used 253546K [0x00000000e0000000, 0x00000000f6300000, 0x0000000100000000)
  eden space 197632K, 100% used [0x00000000e0000000,0x00000000ec100000,0x00000000ec100000)
  from space 79360K, 70% used [0x00000000f1300000,0x00000000f499aac8,0x00000000f6080000)
  to   space 82944K, 0% used [0x00000000ec100000,0x00000000ec100000,0x00000000f1200000)
 ParOldGen       total 271872K, used 115338K [0x00000000a0000000, 0x00000000b0980000, 0x00000000e0000000)
  object space 271872K, 42% used [0x00000000a0000000,0x00000000a70a2b58,0x00000000b0980000)
 Metaspace       used 82113K, capacity 86066K, committed 86360K, reserved 1124352K
  class space    used 10370K, capacity 11320K, committed 11392K, reserved 1048576K
Event: 1801.477 GC heap after
Heap after GC invocations=24 (full 3):
 PSYoungGen      total 275968K, used 82926K [0x00000000e0000000, 0x00000000f7980000, 0x0000000100000000)
  eden space 193024K, 0% used [0x00000000e0000000,0x00000000e0000000,0x00000000ebc80000)
  from space 82944K, 99% used [0x00000000ec100000,0x00000000f11fba38,0x00000000f1200000)
  to   space 96768K, 0% used [0x00000000f1b00000,0x00000000f1b00000,0x00000000f7980000)
 ParOldGen       total 271872K, used 118847K [0x00000000a0000000, 0x00000000b0980000, 0x00000000e0000000)
  object space 271872K, 43% used [0x00000000a0000000,0x00000000a740ffb0,0x00000000b0980000)
 Metaspace       used 82113K, capacity 86066K, committed 86360K, reserved 1124352K
  class space    used 10370K, capacity 11320K, committed 11392K, reserved 1048576K
}
Event: 1804.320 GC heap before
{Heap before GC invocations=25 (full 3):
 PSYoungGen      total 275968K, used 275950K [0x00000000e0000000, 0x00000000f7980000, 0x0000000100000000)
  eden space 193024K, 100% used [0x00000000e0000000,0x00000000ebc80000,0x00000000ebc80000)
  from space 82944K, 99% used [0x00000000ec100000,0x00000000f11fba38,0x00000000f1200000)
  to   space 96768K, 0% used [0x00000000f1b00000,0x00000000f1b00000,0x00000000f7980000)
 ParOldGen       total 271872K, used 118847K [0x00000000a0000000, 0x00000000b0980000, 0x00000000e0000000)
  object space 271872K, 43% used [0x00000000a0000000,0x00000000a740ffb0,0x00000000b0980000)
 Metaspace       used 84311K, capacity 88338K, committed 88536K, reserved 1126400K
  class space    used 10483K, capacity 11416K, committed 11520K, reserved 1048576K
Event: 1804.372 GC heap after
Heap after GC invocations=25 (full 3):
 PSYoungGen      total 264704K, used 96761K [0x00000000e0000000, 0x00000000fa680000, 0x0000000100000000)
  eden space 167936K, 0% used [0x00000000e0000000,0x00000000e0000000,0x00000000ea400000)
  from space 96768K, 99% used [0x00000000f1b00000,0x00000000f797e4b0,0x00000000f7980000)
  to   space 121856K, 0% used [0x00000000ea400000,0x00000000ea400000,0x00000000f1b00000)
 ParOldGen       total 271872K, used 146833K [0x00000000a0000000, 0x00000000b0980000, 0x00000000e0000000)
  object space 271872K, 54% used [0x00000000a0000000,0x00000000a8f64488,0x00000000b0980000)
 Metaspace       used 84311K, capacity 88338K, committed 88536K, reserved 1126400K
  class space    used 10483K, capacity 11416K, committed 11520K, reserved 1048576K
}
Event: 1808.704 GC heap before
{Heap before GC invocations=26 (full 3):
 PSYoungGen      total 264704K, used 264697K [0x00000000e0000000, 0x00000000fa680000, 0x0000000100000000)
  eden space 167936K, 100% used [0x00000000e0000000,0x00000000ea400000,0x00000000ea400000)
  from space 96768K, 99% used [0x00000000f1b00000,0x00000000f797e4b0,0x00000000f7980000)
  to   space 121856K, 0% used [0x00000000ea400000,0x00000000ea400000,0x00000000f1b00000)
 ParOldGen       total 271872K, used 146833K [0x00000000a0000000, 0x00000000b0980000, 0x00000000e0000000)
  object space 271872K, 54% used [0x00000000a0000000,0x00000000a8f64488,0x00000000b0980000)
 Metaspace       used 84481K, capacity 88498K, committed 88792K, reserved 1126400K
  class space    used 10492K, capacity 11448K, committed 11520K, reserved 1048576K
Event: 1808.740 GC heap after
Heap after GC invocations=26 (full 3):
 PSYoungGen      total 229888K, used 64688K [0x00000000e0000000, 0x00000000f8c00000, 0x0000000100000000)
  eden space 164864K, 0% used [0x00000000e0000000,0x00000000e0000000,0x00000000ea100000)
  from space 65024K, 99% used [0x00000000ea400000,0x00000000ee32c3c8,0x00000000ee380000)
  to   space 120320K, 0% used [0x00000000f1680000,0x00000000f1680000,0x00000000f8c00000)
 ParOldGen       total 271872K, used 163983K [0x00000000a0000000, 0x00000000b0980000, 0x00000000e0000000)
  object space 271872K, 60% used [0x00000000a0000000,0x00000000aa023f48,0x00000000b0980000)
 Metaspace       used 84481K, capacity 88498K, committed 88792K, reserved 1126400K
  class space    used 10492K, capacity 11448K, committed 11520K, reserved 1048576K
}

Deoptimization events (10 events):
Event: 1811.242 Thread 0x000000001ffbd000 Uncommon trap: reason=unstable_if action=reinterpret pc=0x0000000004748a4c method=java.util.regex.Pattern.newSlice([IIZ)Ljava/util/regex/Pattern$Node; @ 10
Event: 1811.297 Thread 0x0000000020431000 Uncommon trap: reason=unstable_if action=reinterpret pc=0x000000000564aef0 method=sun.nio.fs.WindowsPathParser.isSlash(C)Z @ 9
Event: 1811.297 Thread 0x0000000021f01800 Uncommon trap: reason=unstable_if action=reinterpret pc=0x000000000564aef0 method=sun.nio.fs.WindowsPathParser.isSlash(C)Z @ 9
Event: 1811.297 Thread 0x0000000020431000 Uncommon trap: reason=unstable_if action=reinterpret pc=0x0000000004ba6eb4 method=sun.nio.fs.WindowsPathParser.isSlash(C)Z @ 9
Event: 1811.297 Thread 0x00000000223db000 Uncommon trap: reason=unstable_if action=reinterpret pc=0x000000000564aef0 method=sun.nio.fs.WindowsPathParser.isSlash(C)Z @ 9
Event: 1811.297 Thread 0x00000000223d9000 Uncommon trap: reason=unstable_if action=reinterpret pc=0x0000000003f8f8f8 method=sun.nio.fs.WindowsPathParser.isSlash(C)Z @ 9
Event: 1811.297 Thread 0x00000000223d6000 Uncommon trap: reason=unstable_if action=reinterpret pc=0x000000000564aef0 method=sun.nio.fs.WindowsPathParser.isSlash(C)Z @ 9
Event: 1811.297 Thread 0x0000000021f01800 Uncommon trap: reason=unstable_if action=reinterpret pc=0x0000000004ba6eb4 method=sun.nio.fs.WindowsPathParser.isSlash(C)Z @ 9
Event: 1811.298 Thread 0x0000000020425000 Uncommon trap: reason=unstable_if action=reinterpret pc=0x000000000564aef0 method=sun.nio.fs.WindowsPathParser.isSlash(C)Z @ 9
Event: 1811.298 Thread 0x00000000223d9000 Uncommon trap: reason=unstable_if action=reinterpret pc=0x0000000004b89ee4 method=sun.nio.fs.WindowsPathParser.isSlash(C)Z @ 9

Classes redefined (0 events):
No events

Internal exceptions (10 events):
Event: 1811.259 Thread 0x0000000021f00000 Exception <a 'sun/nio/fs/WindowsException'> (0x00000000e8e36ea8) thrown at [D:\src\AOSP-openjdk-cygwin\jdk8u\hotspot\src\share\vm\prims\jni.cpp, line 709]
Event: 1811.259 Thread 0x0000000021f00000 Exception <a 'sun/nio/fs/WindowsException'> (0x00000000e8e37dd8) thrown at [D:\src\AOSP-openjdk-cygwin\jdk8u\hotspot\src\share\vm\prims\jni.cpp, line 709]
Event: 1811.259 Thread 0x0000000021f00000 Exception <a 'sun/nio/fs/WindowsException'> (0x00000000e8e39eb0) thrown at [D:\src\AOSP-openjdk-cygwin\jdk8u\hotspot\src\share\vm\prims\jni.cpp, line 709]
Event: 1811.276 Thread 0x0000000021f00000 Exception <a 'sun/nio/fs/WindowsException'> (0x00000000e8eabf20) thrown at [D:\src\AOSP-openjdk-cygwin\jdk8u\hotspot\src\share\vm\prims\jni.cpp, line 709]
Event: 1811.276 Thread 0x0000000021f00000 Exception <a 'sun/nio/fs/WindowsException'> (0x00000000e8eace50) thrown at [D:\src\AOSP-openjdk-cygwin\jdk8u\hotspot\src\share\vm\prims\jni.cpp, line 709]
Event: 1811.276 Thread 0x0000000021f00000 Exception <a 'sun/nio/fs/WindowsException'> (0x00000000e8eaef28) thrown at [D:\src\AOSP-openjdk-cygwin\jdk8u\hotspot\src\share\vm\prims\jni.cpp, line 709]
Event: 1811.286 Thread 0x0000000021f00000 Exception <a 'sun/nio/fs/WindowsException'> (0x00000000e8f16f58) thrown at [D:\src\AOSP-openjdk-cygwin\jdk8u\hotspot\src\share\vm\prims\jni.cpp, line 709]
Event: 1811.286 Thread 0x0000000021f00000 Exception <a 'sun/nio/fs/WindowsException'> (0x00000000e8f17e88) thrown at [D:\src\AOSP-openjdk-cygwin\jdk8u\hotspot\src\share\vm\prims\jni.cpp, line 709]
Event: 1811.287 Thread 0x0000000021f00000 Exception <a 'sun/nio/fs/WindowsException'> (0x00000000e8f19f60) thrown at [D:\src\AOSP-openjdk-cygwin\jdk8u\hotspot\src\share\vm\prims\jni.cpp, line 709]
Event: 1811.295 Thread 0x00000000223d8000 Exception <a 'java/lang/NoSuchMethodError': java.lang.Object.lambda$static$0(Ljava/lang/String;)Z> (0x00000000e94bf858) thrown at [D:\src\AOSP-openjdk-cygwin\jdk8u\hotspot\src\share\vm\interpreter\linkResolver.cpp, line 584]

Events (10 events):
Event: 1811.305 loading class com/android/tools/r8/BaseCommand
Event: 1811.305 loading class com/android/tools/r8/BaseCommand done
Event: 1811.305 Thread 0x00000000192e8800 flushing nmethod 0x00000000074b4790
Event: 1811.306 Thread 0x00000000192e8800 flushing nmethod 0x0000000007591a50
Event: 1811.306 loading class com/android/tools/r8/Diagnostic
Event: 1811.306 loading class com/android/tools/r8/Diagnostic done
Event: 1811.306 Thread 0x00000000192e8800 flushing nmethod 0x0000000007596d90
Event: 1811.307 loading class com/android/tools/r8/errors/CompilationError
Event: 1811.307 loading class com/android/tools/r8/errors/CompilationError done
Event: 1811.308 Thread 0x00000000192e8800 flushing nmethod 0x000000000767b990


Dynamic libraries:
0x00007ff660e20000 - 0x00007ff660e51000 	D:\工具\jre\bin\java.exe
0x00007ffa8c340000 - 0x00007ffa8c521000 	C:\WINDOWS\SYSTEM32\ntdll.dll
0x00007ffa8a950000 - 0x00007ffa8aa02000 	C:\WINDOWS\System32\KERNEL32.DLL
0x00007ffa892c0000 - 0x00007ffa89533000 	C:\WINDOWS\System32\KERNELBASE.dll
0x00007ffa89e40000 - 0x00007ffa89ee1000 	C:\WINDOWS\System32\ADVAPI32.dll
0x00007ffa899b0000 - 0x00007ffa89a4e000 	C:\WINDOWS\System32\msvcrt.dll
0x00007ffa8c260000 - 0x00007ffa8c2bb000 	C:\WINDOWS\System32\sechost.dll
0x00007ffa8ac70000 - 0x00007ffa8ad94000 	C:\WINDOWS\System32\RPCRT4.dll
0x00007ffa89bf0000 - 0x00007ffa89d80000 	C:\WINDOWS\System32\USER32.dll
0x00007ffa88710000 - 0x00007ffa88730000 	C:\WINDOWS\System32\win32u.dll
0x00007ffa8c2c0000 - 0x00007ffa8c2e8000 	C:\WINDOWS\System32\GDI32.dll
0x00007ffa88730000 - 0x00007ffa888c2000 	C:\WINDOWS\System32\gdi32full.dll
0x00007ffa89540000 - 0x00007ffa895df000 	C:\WINDOWS\System32\msvcp_win.dll
0x00007ffa889a0000 - 0x00007ffa88a9a000 	C:\WINDOWS\System32\ucrtbase.dll
0x00007ffa7c550000 - 0x00007ffa7c7b9000 	C:\WINDOWS\WinSxS\amd64_microsoft.windows.common-controls_6595b64144ccf1df_6.0.17134.523_none_fb409dd930672a56\COMCTL32.dll
0x00007ffa8a4c0000 - 0x00007ffa8a7e2000 	C:\WINDOWS\System32\combase.dll
0x00007ffa888d0000 - 0x00007ffa8894a000 	C:\WINDOWS\System32\bcryptPrimitives.dll
0x00007ffa89d90000 - 0x00007ffa89dbd000 	C:\WINDOWS\System32\IMM32.DLL
0x000000005adc0000 - 0x000000005ae92000 	D:\工具\jre\jre\bin\msvcr100.dll
0x000000005aea0000 - 0x000000005b6df000 	D:\工具\jre\jre\bin\server\jvm.dll
0x00007ffa8adb0000 - 0x00007ffa8adb8000 	C:\WINDOWS\System32\PSAPI.DLL
0x00007ffa86500000 - 0x00007ffa86523000 	C:\WINDOWS\SYSTEM32\WINMM.dll
0x00007ffa82e30000 - 0x00007ffa82e3a000 	C:\WINDOWS\SYSTEM32\VERSION.dll
0x00007ffa860b0000 - 0x00007ffa860da000 	C:\WINDOWS\SYSTEM32\WINMMBASE.dll
0x00007ffa88950000 - 0x00007ffa88999000 	C:\WINDOWS\System32\cfgmgr32.dll
0x00007ffa5d280000 - 0x00007ffa5d289000 	C:\WINDOWS\SYSTEM32\WSOCK32.dll
0x00007ffa8ab00000 - 0x00007ffa8ab6c000 	C:\WINDOWS\System32\WS2_32.dll
0x00007ffa5d270000 - 0x00007ffa5d27f000 	D:\工具\jre\jre\bin\verify.dll
0x00007ffa5d240000 - 0x00007ffa5d269000 	D:\工具\jre\jre\bin\java.dll
0x00007ffa5d220000 - 0x00007ffa5d236000 	D:\工具\jre\jre\bin\zip.dll
0x00007ffa8adc0000 - 0x00007ffa8c200000 	C:\WINDOWS\System32\SHELL32.dll
0x00007ffa89fc0000 - 0x00007ffa8a069000 	C:\WINDOWS\System32\shcore.dll
0x00007ffa88b50000 - 0x00007ffa8925d000 	C:\WINDOWS\System32\windows.storage.dll
0x00007ffa8ac10000 - 0x00007ffa8ac61000 	C:\WINDOWS\System32\shlwapi.dll
0x00007ffa88650000 - 0x00007ffa88661000 	C:\WINDOWS\System32\kernel.appcore.dll
0x00007ffa886f0000 - 0x00007ffa8870f000 	C:\WINDOWS\System32\profapi.dll
0x00007ffa886a0000 - 0x00007ffa886ec000 	C:\WINDOWS\System32\powrprof.dll
0x00007ffa88670000 - 0x00007ffa8867a000 	C:\WINDOWS\System32\FLTLIB.DLL
0x00007ffa5d1e0000 - 0x00007ffa5d1fa000 	D:\工具\jre\jre\bin\net.dll
0x00007ffa87b70000 - 0x00007ffa87bd6000 	C:\WINDOWS\system32\mswsock.dll
0x00007ffa5d1c0000 - 0x00007ffa5d1d1000 	D:\工具\jre\jre\bin\nio.dll
0x00007ffa787f0000 - 0x00007ffa7880e000 	C:\Users\android\.gradle\native\25\windows-amd64\native-platform.dll
0x00007ffa5d100000 - 0x00007ffa5d10d000 	D:\工具\jre\jre\bin\management.dll
0x00007ffa88370000 - 0x00007ffa88387000 	C:\WINDOWS\SYSTEM32\CRYPTSP.dll
0x00007ffa87750000 - 0x00007ffa87783000 	C:\WINDOWS\system32\rsaenh.dll
0x00007ffa88170000 - 0x00007ffa88195000 	C:\WINDOWS\SYSTEM32\bcrypt.dll
0x00007ffa88550000 - 0x00007ffa88578000 	C:\WINDOWS\SYSTEM32\USERENV.dll
0x00007ffa87d20000 - 0x00007ffa87d2b000 	C:\WINDOWS\SYSTEM32\CRYPTBASE.dll
0x00007ffa878f0000 - 0x00007ffa87928000 	C:\WINDOWS\SYSTEM32\IPHLPAPI.DLL
0x00007ffa8ada0000 - 0x00007ffa8ada8000 	C:\WINDOWS\System32\NSI.dll
0x00007ffa82650000 - 0x00007ffa82666000 	C:\WINDOWS\SYSTEM32\dhcpcsvc6.DLL
0x00007ffa82b10000 - 0x00007ffa82b2a000 	C:\WINDOWS\SYSTEM32\dhcpcsvc.DLL
0x00007ffa76a50000 - 0x00007ffa76a74000 	D:\工具\jre\jre\bin\sunec.dll
0x00007ffa87930000 - 0x00007ffa879ee000 	C:\WINDOWS\SYSTEM32\DNSAPI.dll
0x00007ffa80730000 - 0x00007ffa8073a000 	C:\Windows\System32\rasadhlp.dll
0x00007ffa782a0000 - 0x00007ffa78312000 	C:\WINDOWS\System32\fwpuclnt.dll
0x00007ffa766a0000 - 0x00007ffa766ab000 	D:\工具\jre\jre\bin\sunmscapi.dll
0x00007ffa895e0000 - 0x00007ffa897c2000 	C:\WINDOWS\System32\CRYPT32.dll
0x00007ffa88680000 - 0x00007ffa88692000 	C:\WINDOWS\System32\MSASN1.dll
0x00007ffa4ef10000 - 0x00007ffa4f0a6000 	D:\工具\jre\jre\bin\awt.dll
0x00007ffa89ef0000 - 0x00007ffa89fb2000 	C:\WINDOWS\System32\OLEAUT32.dll
0x00007ffa85940000 - 0x00007ffa85f07000 	C:\WINDOWS\SYSTEM32\d2d1.dll
0x00007ffa86720000 - 0x00007ffa867ab000 	C:\WINDOWS\SYSTEM32\apphelp.dll
0x00007ffa86a50000 - 0x00007ffa86a79000 	C:\WINDOWS\system32\DWMAPI.DLL
0x00007ffa86970000 - 0x00007ffa86a08000 	C:\WINDOWS\system32\uxtheme.dll
0x00007ffa873e0000 - 0x00007ffa87411000 	C:\WINDOWS\SYSTEM32\ntmarta.dll
0x00007ffa881a0000 - 0x00007ffa88369000 	C:\WINDOWS\SYSTEM32\dbghelp.dll

VM Arguments:
jvm_args: -Xmx1536m -Dfile.encoding=GBK -Duser.country=CN -Duser.language=zh -Duser.variant 
java_command: org.gradle.launcher.daemon.bootstrap.GradleDaemon 4.4
java_class_path (initial): C:\Users\android\.gradle\wrapper\dists\gradle-4.4-all\9br9xq1tocpiv8o6njlyu5op1\gradle-4.4\lib\gradle-launcher-4.4.jar
Launcher Type: SUN_STANDARD

Environment Variables:
JAVA_HOME=C:\Program Files\Java\jdk1.8.0_101
CLASSPATH=.;C:\Program Files\Java\jdk1.8.0_101\lib;C:\Program Files\Java\jdk1.8.0_101\lib\tools.jar
PATH=C:\ProgramData\Oracle\Java\javapath;C:\WINDOWS\system32;C:\WINDOWS;C:\WINDOWS\System32\Wbem;"C:\WINDOWS\System32\WindowsPowerShell\v1.0\;C:\Program Files\Java\jdk1.8.0_101\bin;C:\Program Files\Java\jdk1.8.0_101\jre\bin;";;C:\Program Files (x86)\NVIDIA Corporation\PhysX\Common;%SystemRoot%\system32;%SystemRoot%;%SystemRoot%\System32\Wbem;%SYSTEMROOT%\System32\WindowsPowerShell\v1.0\;%SYSTEMROOT%\System32\OpenSSH\;C:\Users\android\AppData\Local\Microsoft\WindowsApps;%ANDROID_HOME%\tools;%ANDROID_HOME%\platform-tools;
USERNAME=android
OS=Windows_NT
PROCESSOR_IDENTIFIER=AMD64 Family 23 Model 1 Stepping 1, AuthenticAMD



---------------  S Y S T E M  ---------------

OS: Windows 10.0 , 64 bit Build 17134 (10.0.17134.1)

CPU:total 16 (initial active 16) (16 cores per cpu, 1 threads per core) family 23 model 1 stepping 1, cmov, cx8, fxsr, mmx, sse, sse2, sse3, ssse3, sse4.1, sse4.2, popcnt, avx, avx2, aes, clmul, mmxext, 3dnowpref, lzcnt, sse4a, tsc, tscinvbit, tscinv, bmi1

Memory: 4k page, physical 16667736k(8179412k free), swap 17716312k(5175816k free)

vm_info: OpenJDK 64-Bit Server VM (25.152-b02) for windows-amd64 JRE (1.8.0_152-release-1024-b02), built by "builder" with MS VC++ 10.0 (VS2010)

time: Wed Jan 23 10:53:41 2019
elapsed time: 1811 seconds (0d 0h 30m 11s)

